[debug] [2023-06-10T14:40:38.389Z] ----------------------------------------------------------------------
[debug] [2023-06-10T14:40:38.393Z] Command:       C:\Program Files\nodejs\node.exe C:\Users\admin\AppData\Roaming\npm\node_modules\firebase-tools\lib\bin\firebase.js init
[debug] [2023-06-10T14:40:38.394Z] CLI Version:   12.3.1
[debug] [2023-06-10T14:40:38.395Z] Platform:      win32
[debug] [2023-06-10T14:40:38.395Z] Node Version:  v18.16.0
[debug] [2023-06-10T14:40:38.396Z] Time:          Sat Jun 10 2023 20:10:38 GMT+0530 (India Standard Time)
[debug] [2023-06-10T14:40:38.396Z] ----------------------------------------------------------------------
[debug] 
[debug] [2023-06-10T14:40:38.407Z] > command requires scopes: ["email","openid","https://www.googleapis.com/auth/cloudplatformprojects.readonly","https://www.googleapis.com/auth/firebase","https://www.googleapis.com/auth/cloud-platform"]
[debug] [2023-06-10T14:40:38.409Z] > authorizing via signed-in user (khantausifkhan123@gmail.com)
[info] 
     ######## #### ########  ######## ########     ###     ######  ########
     ##        ##  ##     ## ##       ##     ##  ##   ##  ##       ##
     ######    ##  ########  ######   ########  #########  ######  ######
     ##        ##  ##    ##  ##       ##     ## ##     ##       ## ##
     ##       #### ##     ## ######## ########  ##     ##  ######  ########

You're about to initialize a Firebase project in this directory:

  E:\WEB developmant\GitHub\CodewithHarry\Express\Express

[info] 
=== Project Setup
[info] 
[info] First, let's associate this project directory with a Firebase project.
[info] You can create multiple project aliases by running firebase use --add, 
[info] but for now we'll just set up a default project.
[info] 
[debug] [2023-06-10T14:43:04.961Z] >>> [apiv2][query] GET https://firebase.googleapis.com/v1beta1/projects pageSize=100
[debug] [2023-06-10T14:43:06.213Z] <<< [apiv2][status] GET https://firebase.googleapis.com/v1beta1/projects 200
[debug] [2023-06-10T14:43:06.214Z] <<< [apiv2][body] GET https://firebase.googleapis.com/v1beta1/projects [omitted]
[info] i  Using project portfolio-f5629 (Portfolio) 
[info] 
=== Hosting Setup
[info] 
[info] Your public directory is the folder (relative to your project directory) that
[info] will contain Hosting assets to be uploaded with firebase deploy. If you
[info] have a build process for your assets, use your build's output directory.
[info] 
